<?xml version="1.0" encoding="UTF-8"?>
<!-- Generated by org.testng.reporters.JUnitXMLReporter -->
<testsuite ignored="0" hostname="LAPTOP-C2Q8BJ3N" failures="0" tests="3" name="TutorialsNinjaAutomationTest" time="17.641" errors="0" timestamp="29 Apr 2024 14:08:10 GMT">
  <testcase classname="com.tutorialsninja.qa.testcases.Register" name="verifyRegisteringAnAccountWithMandatoryFields" time="1.821"/>
  <testcase classname="com.tutorialsninja.qa.testcases.Login" name="VerifyLoginWithValidCredentials" time="0.74"/>
  <testcase classname="com.tutorialsninja.qa.testcases.Search" name="verifySearchWithValidProduct" time="0.903"/>
</testsuite> <!-- TutorialsNinjaAutomationTest -->
