<?xml version="1.0" encoding="UTF-8"?>
<!-- Generated by org.testng.reporters.JUnitXMLReporter -->
<testsuite ignored="0" hostname="LAPTOP-C2Q8BJ3N" failures="2" tests="2" name="TutorialsNinja Automation Tests" time="4.68" errors="0" timestamp="21 May 2024 07:00:25 GMT">
  <testcase classname="com.tutorialsninja.qa.testcases.Login" name="VerifyLoginWithValidCredentials" time="0.006">
    <failure type="java.lang.NullPointerException" message="Cannot invoke &amp;quot;com.aventstack.extentreports.ExtentReports.createTest(String)&amp;quot; because &amp;quot;this.extentReport&amp;quot; is null">
      <![CDATA[java.lang.NullPointerException: Cannot invoke "com.aventstack.extentreports.ExtentReports.createTest(String)" because "this.extentReport" is null
at com.tutorialsninja.qa.listeners.MyListener.onTestStart(MyListener.java:38)
... Removed 22 stack frames]]>
    </failure>
  </testcase> <!-- VerifyLoginWithValidCredentials -->
  <testcase classname="com.tutorialsninja.qa.testcases.Login" name="VerifyLoginWithValidCredentials" time="4.216">
    <failure type="java.lang.NullPointerException">
      <![CDATA[java.lang.NullPointerException
at java.base/java.io.File.<init>(File.java:278)
at com.tutorialsninja.qa.listeners.MyListener.onTestFailure(MyListener.java:66)
... Removed 22 stack frames]]>
    </failure>
  </testcase> <!-- VerifyLoginWithValidCredentials -->
</testsuite> <!-- TutorialsNinja Automation Tests -->
