<?xml version="1.0" encoding="UTF-8"?>
<!-- Generated by org.testng.reporters.JUnitXMLReporter -->
<testsuite ignored="4" hostname="LAPTOP-C2Q8BJ3N" failures="0" tests="1" name="Default test" time="5.261" errors="0" timestamp="2024-07-04T14:26:35 IST">
  <testcase classname="com.tutorialsninja.qa.testcases.LoginTest" name="VerifyLoginWithoutCredentials" time="0.508"/>
  <testcase classname="com.tutorialsninja.qa.testcases.LoginTest" name="VerifyLoginWithValidCredentials" time="0.0">
    <ignored/>
  </testcase> <!-- VerifyLoginWithValidCredentials -->
  <testcase classname="com.tutorialsninja.qa.testcases.LoginTest" name="VerifyLoginWithInvalidEmailAndValidPassword" time="0.0">
    <ignored/>
  </testcase> <!-- VerifyLoginWithInvalidEmailAndValidPassword -->
  <testcase classname="com.tutorialsninja.qa.testcases.LoginTest" name="VerifyLoginWithInvalidCredentials" time="0.0">
    <ignored/>
  </testcase> <!-- VerifyLoginWithInvalidCredentials -->
  <testcase classname="com.tutorialsninja.qa.testcases.LoginTest" name="VerifyLoginWithValidEmailAndInvalidPassword" time="0.0">
    <ignored/>
  </testcase> <!-- VerifyLoginWithValidEmailAndInvalidPassword -->
</testsuite> <!-- Default test -->
