<?xml version="1.0" encoding="UTF-8"?>
<!-- Generated by org.testng.reporters.JUnitXMLReporter -->
<testsuite ignored="0" hostname="LAPTOP-C2Q8BJ3N" failures="0" tests="18" name="Test" time="81.283" errors="0" timestamp="2024-07-04T17:23:51 IST">
  <testcase classname="com.tutorialsninja.qa.testcases.LoginTest" name="VerifyLoginWithValidCredentials" time="1.388"/>
  <testcase classname="com.tutorialsninja.qa.testcases.LoginTest" name="VerifyLoginWithValidCredentials" time="1.122"/>
  <testcase classname="com.tutorialsninja.qa.testcases.LoginTest" name="VerifyLoginWithValidCredentials" time="0.937"/>
  <testcase classname="com.tutorialsninja.qa.testcases.LoginTest" name="VerifyLoginWithInvalidCredentials" time="0.887"/>
  <testcase classname="com.tutorialsninja.qa.testcases.LoginTest" name="VerifyLoginWithInvalidEmailAndValidPassword" time="0.775"/>
  <testcase classname="com.tutorialsninja.qa.testcases.LoginTest" name="VerifyLoginWithValidEmailAndInvalidPassword" time="0.682"/>
  <testcase classname="com.tutorialsninja.qa.testcases.LoginTest" name="VerifyLoginWithoutCredentials" time="0.645"/>
  <testcase classname="com.tutorialsninja.qa.testcases.ShoppingCartTest" name="verifyAddingTheProductToCartFromProductDisplayPage" time="1.903"/>
  <testcase classname="com.tutorialsninja.qa.testcases.ShoppingCartTest" name="verifyAddingTheProductToCartFromWishListPage" time="2.95"/>
  <testcase classname="com.tutorialsninja.qa.testcases.SearchTest" name="verifySearchWithValidProduct" time="0.603"/>
  <testcase classname="com.tutorialsninja.qa.testcases.SearchTest" name="verifySearchWithInvalidProduct" time="0.407"/>
  <testcase classname="com.tutorialsninja.qa.testcases.SearchTest" name="verifySearchWithoutProduct" time="0.357"/>
  <testcase classname="com.tutorialsninja.qa.testcases.RegisterTest" name="verifyRegisteringAnAccountWithMandatoryFields" time="1.726"/>
  <testcase classname="com.tutorialsninja.qa.testcases.RegisterTest" name="verifyRegisteringAnAccountWithAllFields" time="1.617"/>
  <testcase classname="com.tutorialsninja.qa.testcases.RegisterTest" name="verifyRegisteringAnAccountWithExistingEmail" time="1.155"/>
  <testcase classname="com.tutorialsninja.qa.testcases.RegisterTest" name="verifyRegisteringAnAccountWithoutFillingAnyDetails" time="0.51"/>
  <testcase classname="com.tutorialsninja.qa.testcases.LogoutTest" name="verifyLogoutFromMyAccountDropmenu" time="2.743"/>
  <testcase classname="com.tutorialsninja.qa.testcases.LogoutTest" name="verifyLogoutBySelectingLogoutFromRightOptionColumn" time="2.539"/>
</testsuite> <!-- Test -->
