<?xml version="1.0" encoding="UTF-8"?>
<testng-results ignored="0" total="7" passed="7" failed="0" skipped="0">
  <reporter-output>
  </reporter-output>
  <suite started-at="2024-07-04T15:07:24 IST" name="Suite" finished-at="2024-07-04T15:07:53 IST" duration-ms="29420">
    <groups>
    </groups>
    <test started-at="2024-07-04T15:07:24 IST" name="Test" finished-at="2024-07-04T15:07:53 IST" duration-ms="29420">
      <class name="com.tutorialsninja.qa.testcases.LoginTest">
        <test-method is-config="true" signature="setUp()[pri:0, instance:com.tutorialsninja.qa.testcases.LoginTest@15bb5034]" started-at="2024-07-04T15:07:25 IST" name="setUp" finished-at="2024-07-04T15:07:30 IST" duration-ms="5157" status="PASS">
          <reporter-output>
          </reporter-output>
        </test-method> <!-- setUp -->
        <test-method signature="VerifyLoginWithValidCredentials(java.lang.String,java.lang.String)[pri:1, instance:com.tutorialsninja.qa.testcases.LoginTest@15bb5034]" started-at="2024-07-04T15:07:30 IST" name="VerifyLoginWithValidCredentials" data-provider="dataSupply" finished-at="2024-07-04T15:07:31 IST" duration-ms="960" status="PASS">
          <params>
            <param index="0">
              <value>
                <![CDATA[bokde.leelesh4@gmail.com]]>
              </value>
            </param>
            <param index="1">
              <value>
                <![CDATA[12345]]>
              </value>
            </param>
          </params>
          <reporter-output>
          </reporter-output>
        </test-method> <!-- VerifyLoginWithValidCredentials -->
        <test-method is-config="true" signature="tearDown()[pri:0, instance:com.tutorialsninja.qa.testcases.LoginTest@15bb5034]" started-at="2024-07-04T15:07:31 IST" name="tearDown" finished-at="2024-07-04T15:07:31 IST" duration-ms="222" status="PASS">
          <reporter-output>
          </reporter-output>
        </test-method> <!-- tearDown -->
        <test-method is-config="true" signature="setUp()[pri:0, instance:com.tutorialsninja.qa.testcases.LoginTest@15bb5034]" started-at="2024-07-04T15:07:31 IST" name="setUp" finished-at="2024-07-04T15:07:34 IST" duration-ms="2754" status="PASS">
          <reporter-output>
          </reporter-output>
        </test-method> <!-- setUp -->
        <test-method signature="VerifyLoginWithValidCredentials(java.lang.String,java.lang.String)[pri:1, instance:com.tutorialsninja.qa.testcases.LoginTest@15bb5034]" started-at="2024-07-04T15:07:34 IST" name="VerifyLoginWithValidCredentials" data-provider="dataSupply" finished-at="2024-07-04T15:07:35 IST" duration-ms="1106" status="PASS">
          <params>
            <param index="0">
              <value>
                <![CDATA[amotooricap1@gmail.com]]>
              </value>
            </param>
            <param index="1">
              <value>
                <![CDATA[12345]]>
              </value>
            </param>
          </params>
          <reporter-output>
          </reporter-output>
        </test-method> <!-- VerifyLoginWithValidCredentials -->
        <test-method is-config="true" signature="tearDown()[pri:0, instance:com.tutorialsninja.qa.testcases.LoginTest@15bb5034]" started-at="2024-07-04T15:07:35 IST" name="tearDown" finished-at="2024-07-04T15:07:35 IST" duration-ms="167" status="PASS">
          <reporter-output>
          </reporter-output>
        </test-method> <!-- tearDown -->
        <test-method is-config="true" signature="setUp()[pri:0, instance:com.tutorialsninja.qa.testcases.LoginTest@15bb5034]" started-at="2024-07-04T15:07:35 IST" name="setUp" finished-at="2024-07-04T15:07:38 IST" duration-ms="2765" status="PASS">
          <reporter-output>
          </reporter-output>
        </test-method> <!-- setUp -->
        <test-method signature="VerifyLoginWithValidCredentials(java.lang.String,java.lang.String)[pri:1, instance:com.tutorialsninja.qa.testcases.LoginTest@15bb5034]" started-at="2024-07-04T15:07:38 IST" name="VerifyLoginWithValidCredentials" data-provider="dataSupply" finished-at="2024-07-04T15:07:39 IST" duration-ms="886" status="PASS">
          <params>
            <param index="0">
              <value>
                <![CDATA[amotooricap3@gmail.com]]>
              </value>
            </param>
            <param index="1">
              <value>
                <![CDATA[12345]]>
              </value>
            </param>
          </params>
          <reporter-output>
          </reporter-output>
        </test-method> <!-- VerifyLoginWithValidCredentials -->
        <test-method is-config="true" signature="tearDown()[pri:0, instance:com.tutorialsninja.qa.testcases.LoginTest@15bb5034]" started-at="2024-07-04T15:07:39 IST" name="tearDown" finished-at="2024-07-04T15:07:39 IST" duration-ms="197" status="PASS">
          <reporter-output>
          </reporter-output>
        </test-method> <!-- tearDown -->
        <test-method is-config="true" signature="setUp()[pri:0, instance:com.tutorialsninja.qa.testcases.LoginTest@15bb5034]" started-at="2024-07-04T15:07:39 IST" name="setUp" finished-at="2024-07-04T15:07:42 IST" duration-ms="2677" status="PASS">
          <reporter-output>
          </reporter-output>
        </test-method> <!-- setUp -->
        <test-method signature="VerifyLoginWithInvalidCredentials()[pri:2, instance:com.tutorialsninja.qa.testcases.LoginTest@15bb5034]" started-at="2024-07-04T15:07:42 IST" name="VerifyLoginWithInvalidCredentials" finished-at="2024-07-04T15:07:43 IST" duration-ms="821" status="PASS">
          <reporter-output>
          </reporter-output>
        </test-method> <!-- VerifyLoginWithInvalidCredentials -->
        <test-method is-config="true" signature="tearDown()[pri:0, instance:com.tutorialsninja.qa.testcases.LoginTest@15bb5034]" started-at="2024-07-04T15:07:43 IST" name="tearDown" finished-at="2024-07-04T15:07:43 IST" duration-ms="180" status="PASS">
          <reporter-output>
          </reporter-output>
        </test-method> <!-- tearDown -->
        <test-method is-config="true" signature="setUp()[pri:0, instance:com.tutorialsninja.qa.testcases.LoginTest@15bb5034]" started-at="2024-07-04T15:07:43 IST" name="setUp" finished-at="2024-07-04T15:07:45 IST" duration-ms="2649" status="PASS">
          <reporter-output>
          </reporter-output>
        </test-method> <!-- setUp -->
        <test-method signature="VerifyLoginWithInvalidEmailAndValidPassword()[pri:3, instance:com.tutorialsninja.qa.testcases.LoginTest@15bb5034]" started-at="2024-07-04T15:07:45 IST" name="VerifyLoginWithInvalidEmailAndValidPassword" finished-at="2024-07-04T15:07:46 IST" duration-ms="781" status="PASS">
          <reporter-output>
          </reporter-output>
        </test-method> <!-- VerifyLoginWithInvalidEmailAndValidPassword -->
        <test-method is-config="true" signature="tearDown()[pri:0, instance:com.tutorialsninja.qa.testcases.LoginTest@15bb5034]" started-at="2024-07-04T15:07:46 IST" name="tearDown" finished-at="2024-07-04T15:07:46 IST" duration-ms="173" status="PASS">
          <reporter-output>
          </reporter-output>
        </test-method> <!-- tearDown -->
        <test-method is-config="true" signature="setUp()[pri:0, instance:com.tutorialsninja.qa.testcases.LoginTest@15bb5034]" started-at="2024-07-04T15:07:46 IST" name="setUp" finished-at="2024-07-04T15:07:49 IST" duration-ms="2715" status="PASS">
          <reporter-output>
          </reporter-output>
        </test-method> <!-- setUp -->
        <test-method signature="VerifyLoginWithValidEmailAndInvalidPassword()[pri:4, instance:com.tutorialsninja.qa.testcases.LoginTest@15bb5034]" started-at="2024-07-04T15:07:49 IST" name="VerifyLoginWithValidEmailAndInvalidPassword" finished-at="2024-07-04T15:07:50 IST" duration-ms="695" status="PASS">
          <reporter-output>
          </reporter-output>
        </test-method> <!-- VerifyLoginWithValidEmailAndInvalidPassword -->
        <test-method is-config="true" signature="tearDown()[pri:0, instance:com.tutorialsninja.qa.testcases.LoginTest@15bb5034]" started-at="2024-07-04T15:07:50 IST" name="tearDown" finished-at="2024-07-04T15:07:50 IST" duration-ms="203" status="PASS">
          <reporter-output>
          </reporter-output>
        </test-method> <!-- tearDown -->
        <test-method is-config="true" signature="setUp()[pri:0, instance:com.tutorialsninja.qa.testcases.LoginTest@15bb5034]" started-at="2024-07-04T15:07:50 IST" name="setUp" finished-at="2024-07-04T15:07:53 IST" duration-ms="2728" status="PASS">
          <reporter-output>
          </reporter-output>
        </test-method> <!-- setUp -->
        <test-method signature="VerifyLoginWithoutCredentials()[pri:5, instance:com.tutorialsninja.qa.testcases.LoginTest@15bb5034]" started-at="2024-07-04T15:07:53 IST" name="VerifyLoginWithoutCredentials" finished-at="2024-07-04T15:07:53 IST" duration-ms="511" status="PASS">
          <reporter-output>
          </reporter-output>
        </test-method> <!-- VerifyLoginWithoutCredentials -->
        <test-method is-config="true" signature="tearDown()[pri:0, instance:com.tutorialsninja.qa.testcases.LoginTest@15bb5034]" started-at="2024-07-04T15:07:53 IST" name="tearDown" finished-at="2024-07-04T15:07:53 IST" duration-ms="173" status="PASS">
          <reporter-output>
          </reporter-output>
        </test-method> <!-- tearDown -->
      </class> <!-- com.tutorialsninja.qa.testcases.LoginTest -->
    </test> <!-- Test -->
  </suite> <!-- Suite -->
</testng-results>
